<?xml version="1.0" encoding="UTF-8"?>
<!-- Generated by org.testng.reporters.JUnitXMLReporter -->
<testsuite hostname="MyLaptops" ignored="1" name="Test" tests="2" failures="0" timestamp="16 Jun 2020 02:39:04 GMT" time="1.637" errors="0">
  <testcase name="testMethod2" time="0.047" classname="TestNG.Annotations"/>
  <testcase name="testMethod1" time="0.008" classname="TestNG.Annotations"/>
  <testcase name="testMethod3" time="0.0" classname="TestNG.Annotations">
    <ignored/>
  </testcase> <!-- testMethod3 -->
</testsuite> <!-- Test -->
