<?xml version="1.0" encoding="UTF-8"?>
<!-- Generated by org.testng.reporters.JUnitXMLReporter -->
<testsuite hostname="MyLaptops" ignored="1" name="TestRegression" tests="4" failures="2" timestamp="25 Jun 2020 02:07:30 GMT" time="62.151" errors="0">
  <testcase name="testMethod2" time="0.055" classname="TestNG.Annotations"/>
  <testcase name="testMethod2" time="0.181" classname="TestNG.Annotations">
    <failure type="java.lang.NullPointerException">
      <![CDATA[java.lang.NullPointerException
at TestNG.MyITestListener.onTestSuccess(MyITestListener.java:21)
... Removed 26 stack frames]]>
    </failure>
  </testcase> <!-- testMethod2 -->
  <testcase name="testMethod1" time="0.001" classname="TestNG.Annotations"/>
  <testcase name="testMethod1" time="0.009" classname="TestNG.Annotations">
    <failure type="java.lang.NullPointerException">
      <![CDATA[java.lang.NullPointerException
at TestNG.MyITestListener.onTestSuccess(MyITestListener.java:21)
... Removed 26 stack frames]]>
    </failure>
  </testcase> <!-- testMethod1 -->
  <testcase name="testMethod3" time="0.0" classname="TestNG.Annotations">
    <ignored/>
  </testcase> <!-- testMethod3 -->
</testsuite> <!-- TestRegression -->
