<?xml version="1.0" encoding="UTF-8"?>
<testsuite xmlns:xsi="http://www.w3.org/2001/XMLSchema-instance" xsi:noNamespaceSchemaLocation="https://maven.apache.org/surefire/maven-surefire-plugin/xsd/surefire-test-report.xsd" name="TestSuite" time="73.302" tests="4" errors="0" skipped="0" failures="2">
  <properties>
[...]
</properties>
  <testcase name="testMethod2" classname="TestNG.Annotations" time="0.056"/>
  <testcase name="testMethod2" classname="TestNG.Annotations" time="0.327">
    <failure type="java.lang.NullPointerException">java.lang.NullPointerException
</failure>
    <system-out><![CDATA[---onTestSuccess----
]]></system-out>
  </testcase>
  <testcase name="testMethod1" classname="TestNG.Annotations" time="0.013"/>
  <testcase name="testMethod1" classname="TestNG.Annotations" time="0.014">
    <failure type="java.lang.NullPointerException">java.lang.NullPointerException
</failure>
    <system-out><![CDATA[---onTestSuccess----
]]></system-out>
  </testcase>
</testsuite>