<?xml version="1.0" encoding="UTF-8"?>
<testng-results skipped="0" failed="0" ignored="0" total="1" passed="1">
  <reporter-output>
  </reporter-output>
  <suite name="Default suite" duration-ms="125" started-at="2020-06-23T02:47:18Z" finished-at="2020-06-23T02:47:19Z">
    <groups>
    </groups>
    <test name="Default test" duration-ms="125" started-at="2020-06-23T02:47:18Z" finished-at="2020-06-23T02:47:19Z">
      <class name="Tests.RegularExpressionDemo">
        <test-method status="PASS" signature="regEx()[pri:0, instance:Tests.RegularExpressionDemo@271053e1]" name="regEx" duration-ms="40" started-at="2020-06-23T02:47:19Z" finished-at="2020-06-23T02:47:19Z">
          <reporter-output>
          </reporter-output>
        </test-method> <!-- regEx -->
      </class> <!-- Tests.RegularExpressionDemo -->
    </test> <!-- Default test -->
  </suite> <!-- Default suite -->
</testng-results>
